0 info it worked if it ends with ok
1 verbose cli [ '/Users/ryosuzuki/.nodebrew/node/v0.10.33/bin/node',
1 verbose cli   '/Users/ryosuzuki/.nodebrew/current/bin/npm',
1 verbose cli   'install' ]
2 info using npm@1.4.28
3 info using node@v0.10.33
4 verbose readDependencies using package.json deps
5 verbose install where, deps [ '/Users/ryosuzuki/Documents/node/infovis-2014',
5 verbose install   [ 'express', 'jade', 'bowere', 'topojson' ] ]
6 info preinstall application-name@0.0.1
7 verbose readDependencies using package.json deps
8 verbose already installed skipping jade@* /Users/ryosuzuki/Documents/node/infovis-2014
9 verbose cache add [ 'bowere@*', null ]
10 verbose cache add name=undefined spec="bowere@*" args=["bowere@*",null]
11 verbose parsed url { protocol: null,
11 verbose parsed url   slashes: null,
11 verbose parsed url   auth: null,
11 verbose parsed url   host: null,
11 verbose parsed url   port: null,
11 verbose parsed url   hostname: null,
11 verbose parsed url   hash: null,
11 verbose parsed url   search: null,
11 verbose parsed url   query: null,
11 verbose parsed url   pathname: 'bowere@*',
11 verbose parsed url   path: 'bowere@*',
11 verbose parsed url   href: 'bowere@*' }
12 verbose already installed skipping topojson@* /Users/ryosuzuki/Documents/node/infovis-2014
13 verbose already installed skipping express@3.4.0 /Users/ryosuzuki/Documents/node/infovis-2014
14 verbose cache add name="bowere" spec="*" args=["bowere","*"]
15 verbose parsed url { protocol: null,
15 verbose parsed url   slashes: null,
15 verbose parsed url   auth: null,
15 verbose parsed url   host: null,
15 verbose parsed url   port: null,
15 verbose parsed url   hostname: null,
15 verbose parsed url   hash: null,
15 verbose parsed url   search: null,
15 verbose parsed url   query: null,
15 verbose parsed url   pathname: '*',
15 verbose parsed url   path: '*',
15 verbose parsed url   href: '*' }
16 verbose addNamed [ 'bowere', '*' ]
17 verbose addNamed [ null, '*' ]
18 silly lockFile dc49c826-bowere bowere@*
19 verbose lock bowere@* /Users/ryosuzuki/.npm/dc49c826-bowere.lock
20 silly addNameRange { name: 'bowere', range: '*', hasData: false }
21 verbose request where is /bowere
22 verbose request registry https://registry.npmjs.org/
23 verbose request id 252d0cc1d270e2af
24 verbose url raw /bowere
25 verbose url resolving [ 'https://registry.npmjs.org/', './bowere' ]
26 verbose url resolved https://registry.npmjs.org/bowere
27 verbose request where is https://registry.npmjs.org/bowere
28 info trying registry request attempt 1 at 11:46:57
29 http GET https://registry.npmjs.org/bowere
30 http 404 https://registry.npmjs.org/bowere
31 verbose headers { date: 'Wed, 12 Nov 2014 02:46:57 GMT',
31 verbose headers   server: 'CouchDB/1.5.0 (Erlang OTP/R16B03)',
31 verbose headers   'content-type': 'application/json',
31 verbose headers   'cache-control': 'max-age=0',
31 verbose headers   'content-length': '52',
31 verbose headers   'accept-ranges': 'bytes',
31 verbose headers   via: '1.1 varnish',
31 verbose headers   'x-served-by': 'cache-ty68-TYO',
31 verbose headers   'x-cache': 'MISS',
31 verbose headers   'x-cache-hits': '0',
31 verbose headers   'x-timer': 'S1415760417.341434,VS0,VE171',
31 verbose headers   'keep-alive': 'timeout=10, max=50',
31 verbose headers   connection: 'Keep-Alive' }
32 silly registry.get cb [ 404,
32 silly registry.get   { date: 'Wed, 12 Nov 2014 02:46:57 GMT',
32 silly registry.get     server: 'CouchDB/1.5.0 (Erlang OTP/R16B03)',
32 silly registry.get     'content-type': 'application/json',
32 silly registry.get     'cache-control': 'max-age=0',
32 silly registry.get     'content-length': '52',
32 silly registry.get     'accept-ranges': 'bytes',
32 silly registry.get     via: '1.1 varnish',
32 silly registry.get     'x-served-by': 'cache-ty68-TYO',
32 silly registry.get     'x-cache': 'MISS',
32 silly registry.get     'x-cache-hits': '0',
32 silly registry.get     'x-timer': 'S1415760417.341434,VS0,VE171',
32 silly registry.get     'keep-alive': 'timeout=10, max=50',
32 silly registry.get     connection: 'Keep-Alive' } ]
33 silly lockFile dc49c826-bowere bowere@*
34 silly lockFile dc49c826-bowere bowere@*
35 error 404 404 Not Found: bowere
35 error 404
35 error 404 'bowere' is not in the npm registry.
35 error 404 You should bug the author to publish it
35 error 404 It was specified as a dependency of 'application-name'
35 error 404
35 error 404 Note that you can also install from a
35 error 404 tarball, folder, or http url, or git url.
36 error System Darwin 14.0.0
37 error command "/Users/ryosuzuki/.nodebrew/node/v0.10.33/bin/node" "/Users/ryosuzuki/.nodebrew/current/bin/npm" "install"
38 error cwd /Users/ryosuzuki/Documents/node/infovis-2014
39 error node -v v0.10.33
40 error npm -v 1.4.28
41 error code E404
42 verbose exit [ 1, true ]
